Compiling the C compiler identification source file "CMakeCCompilerId.c" failed.
Compiler: g++ 
Build flags: 
Id flags:  

The output was:
No such file or directory


Compiling the C compiler identification source file "CMakeCCompilerId.c" failed.
Compiler: g++ 
Build flags: 
Id flags: -c 

The output was:
No such file or directory


Compiling the C compiler identification source file "CMakeCCompilerId.c" failed.
Compiler: g++ 
Build flags: 
Id flags: -Aa 

The output was:
No such file or directory


Compiling the C compiler identification source file "CMakeCCompilerId.c" failed.
Compiler: g++ 
Build flags: 
Id flags: -D__CLASSIC_C__ 

The output was:
No such file or directory


Compiling the C compiler identification source file "CMakeCCompilerId.c" failed.
Compiler: g++ 
Build flags: 
Id flags: --target=arm-arm-none-eabi;-mcpu=cortex-m3 

The output was:
No such file or directory


Compiling the C compiler identification source file "CMakeCCompilerId.c" failed.
Compiler: g++ 
Build flags: 
Id flags: -c;-I__does_not_exist__ 

The output was:
No such file or directory


Compiling the C compiler identification source file "CMakeCCompilerId.c" failed.
Compiler: g++ 
Build flags: 
Id flags:  

The output was:
No such file or directory


Compiling the C compiler identification source file "CMakeCCompilerId.c" failed.
Compiler: g++ 
Build flags: 
Id flags: -c 

The output was:
No such file or directory


Compiling the C compiler identification source file "CMakeCCompilerId.c" failed.
Compiler: g++ 
Build flags: 
Id flags: -Aa 

The output was:
No such file or directory


Compiling the C compiler identification source file "CMakeCCompilerId.c" failed.
Compiler: g++ 
Build flags: 
Id flags: -D__CLASSIC_C__ 

The output was:
No such file or directory


Compiling the C compiler identification source file "CMakeCCompilerId.c" failed.
Compiler: g++ 
Build flags: 
Id flags: --target=arm-arm-none-eabi;-mcpu=cortex-m3 

The output was:
No such file or directory


Compiling the C compiler identification source file "CMakeCCompilerId.c" failed.
Compiler: g++ 
Build flags: 
Id flags: -c;-I__does_not_exist__ 

The output was:
No such file or directory


Checking whether the C compiler is IAR using "" did not match "IAR .+ Compiler":
Checking whether the C compiler is IAR using "" did not match "IAR .+ Compiler":
Compiling the CXX compiler identification source file "CMakeCXXCompilerId.cpp" failed.
Compiler: CMAKE_CXX_COMPILER-NOTFOUND 
Build flags: 
Id flags:  

The output was:
No such file or directory


Compiling the CXX compiler identification source file "CMakeCXXCompilerId.cpp" failed.
Compiler: CMAKE_CXX_COMPILER-NOTFOUND 
Build flags: 
Id flags: -c 

The output was:
No such file or directory


Compiling the CXX compiler identification source file "CMakeCXXCompilerId.cpp" failed.
Compiler: CMAKE_CXX_COMPILER-NOTFOUND 
Build flags: 
Id flags: --c++ 

The output was:
No such file or directory


Compiling the CXX compiler identification source file "CMakeCXXCompilerId.cpp" failed.
Compiler: CMAKE_CXX_COMPILER-NOTFOUND 
Build flags: 
Id flags: --ec++ 

The output was:
No such file or directory


Compiling the CXX compiler identification source file "CMakeCXXCompilerId.cpp" failed.
Compiler: CMAKE_CXX_COMPILER-NOTFOUND 
Build flags: 
Id flags: --target=arm-arm-none-eabi;-mcpu=cortex-m3 

The output was:
No such file or directory


Compiling the CXX compiler identification source file "CMakeCXXCompilerId.cpp" failed.
Compiler: CMAKE_CXX_COMPILER-NOTFOUND 
Build flags: 
Id flags: -c;-I__does_not_exist__ 

The output was:
No such file or directory


Compiling the CXX compiler identification source file "CMakeCXXCompilerId.cpp" failed.
Compiler: CMAKE_CXX_COMPILER-NOTFOUND 
Build flags: 
Id flags:  

The output was:
No such file or directory


Compiling the CXX compiler identification source file "CMakeCXXCompilerId.cpp" failed.
Compiler: CMAKE_CXX_COMPILER-NOTFOUND 
Build flags: 
Id flags: -c 

The output was:
No such file or directory


Compiling the CXX compiler identification source file "CMakeCXXCompilerId.cpp" failed.
Compiler: CMAKE_CXX_COMPILER-NOTFOUND 
Build flags: 
Id flags: --c++ 

The output was:
No such file or directory


Compiling the CXX compiler identification source file "CMakeCXXCompilerId.cpp" failed.
Compiler: CMAKE_CXX_COMPILER-NOTFOUND 
Build flags: 
Id flags: --ec++ 

The output was:
No such file or directory


Compiling the CXX compiler identification source file "CMakeCXXCompilerId.cpp" failed.
Compiler: CMAKE_CXX_COMPILER-NOTFOUND 
Build flags: 
Id flags: --target=arm-arm-none-eabi;-mcpu=cortex-m3 

The output was:
No such file or directory


Compiling the CXX compiler identification source file "CMakeCXXCompilerId.cpp" failed.
Compiler: CMAKE_CXX_COMPILER-NOTFOUND 
Build flags: 
Id flags: -c;-I__does_not_exist__ 

The output was:
No such file or directory


Compiling the C compiler identification source file "CMakeCCompilerId.c" failed.
Compiler: /usr/bin/g++ 
Build flags: 
Id flags:  

The output was:
1
CMakeCCompilerId.c:2:3: error: #error "A C++ compiler has been selected for C."
    2 | # error "A C++ compiler has been selected for C."
      |   ^~~~~


Compiling the C compiler identification source file "CMakeCCompilerId.c" failed.
Compiler: /usr/bin/g++ 
Build flags: 
Id flags: -c 

The output was:
1
CMakeCCompilerId.c:2:3: error: #error "A C++ compiler has been selected for C."
    2 | # error "A C++ compiler has been selected for C."
      |   ^~~~~


Compiling the C compiler identification source file "CMakeCCompilerId.c" failed.
Compiler: /usr/bin/g++ 
Build flags: 
Id flags: -Aa 

The output was:
1
<command-line>: error: missing '(' after predicate
CMakeCCompilerId.c:2:3: error: #error "A C++ compiler has been selected for C."
    2 | # error "A C++ compiler has been selected for C."
      |   ^~~~~


Compiling the C compiler identification source file "CMakeCCompilerId.c" failed.
Compiler: /usr/bin/g++ 
Build flags: 
Id flags: -D__CLASSIC_C__ 

The output was:
1
CMakeCCompilerId.c:2:3: error: #error "A C++ compiler has been selected for C."
    2 | # error "A C++ compiler has been selected for C."
      |   ^~~~~
CMakeCCompilerId.c:403:29: warning: ISO C++ forbids converting a string constant to ‘char*’ [-Wwrite-strings]
  403 | char const* info_compiler = "INFO" ":" "compiler[" COMPILER_ID "]";
      |                             ^~~~~~~~~~~~~~~~~~~~~~~~~~~~~~~~~~~~~~
CMakeCCompilerId.c:732:29: warning: ISO C++ forbids converting a string constant to ‘char*’ [-Wwrite-strings]
  732 | char const* info_platform = "INFO" ":" "platform[" PLATFORM_ID "]";
      |                             ^~~~~~~~~~~~~~~~~~~~~~~~~~~~~~~~~~~~~~
CMakeCCompilerId.c:733:25: warning: ISO C++ forbids converting a string constant to ‘char*’ [-Wwrite-strings]
  733 | char const* info_arch = "INFO" ":" "arch[" ARCHITECTURE_ID "]";
      |                         ^~~~~~~~~~~~~~~~~~~~~~~~~~~~~~~~~~~~~~
CMakeCCompilerId.c:755:3: warning: ISO C++ forbids converting a string constant to ‘char*’ [-Wwrite-strings]
  755 |   "INFO" ":" "standard_default[" C_VERSION "]";
      |   ^~~~~~~~~~~~~~~~~~~~~~~~~~~~~~~~~~~~~~~~~~~~
CMakeCCompilerId.c:757:48: warning: ISO C++ forbids converting a string constant to ‘char*’ [-Wwrite-strings]
  757 | const char* info_language_extensions_default = "INFO" ":" "extensions_default["
      |                                                ^~~~~~~~~~~~~~~~~~~~~~~~~~~~~~~~
  758 | /* !defined(_MSC_VER) to exclude Clang's MSVC compatibility mode. */
      | ~~~~~~~~~~~~~~~~~~~~~~~~~~~~~~~~~~~~~~~~~~~~~~~~~~~~~~~~~~~~~~~~~~~~
  759 | #if (defined(__clang__) || defined(__GNUC__) ||                               \
      | ~~~~~~~~~~~~~~~~~~~~~~~~~~~~~~~~~~~~~~~~~~~~~~~~~~~~~~~~~~~~~~~~~~~~~~~~~~~~~~~
  760 |      defined(__TI_COMPILER_VERSION__)) &&                                     \
      |      ~~~~~~~~~~~~~~~~~~~~~~~~~~~~~~~~~~~~~~~~~~~~~~~~~~~~~~~~~~~~~~~~~~~~~~~~~~
  761 |   !defined(__STRICT_ANSI__) && !defined(_MSC_VER)
      |   ~~~~~~~~~~~~~~~~~~~~~~~~~~~~~~~~~~~~~~~~~~~~~~~
  762 |   "ON"
      |   ~~~~                                          
  763 | #else
      | ~~~~~                                           
  764 |   "OFF"
      |   ~~~~~                                         
  765 | #endif
      | ~~~~~~                                          
  766 | "]";
      | ~~~                                             
CMakeCCompilerId.c:774:5: error: cannot declare ‘::main’ to be a global variable
  774 | int main(argc, argv) int argc; char *argv[];
      |     ^~~~
CMakeCCompilerId.c:774:10: error: ‘argc’ was not declared in this scope
  774 | int main(argc, argv) int argc; char *argv[];
      |          ^~~~
CMakeCCompilerId.c:774:16: error: ‘argv’ was not declared in this scope
  774 | int main(argc, argv) int argc; char *argv[];
      |                ^~~~
CMakeCCompilerId.c:774:20: error: expression list treated as compound expression in initializer [-fpermissive]
  774 | int main(argc, argv) int argc; char *argv[];
      |                    ^
CMakeCCompilerId.c:774:38: error: storage size of ‘argv’ isn’t known
  774 | int main(argc, argv) int argc; char *argv[];
      |                                      ^~~~
CMakeCCompilerId.c:778:1: error: expected unqualified-id before ‘{’ token
  778 | {
      | ^


Compiling the C compiler identification source file "CMakeCCompilerId.c" failed.
Compiler: /usr/bin/g++ 
Build flags: 
Id flags: --target=arm-arm-none-eabi;-mcpu=cortex-m3 

The output was:
1
g++: warning: ‘-mcpu=’ is deprecated; use ‘-mtune=’ or ‘-march=’ instead
g++: error: unrecognized command-line option ‘--target=arm-arm-none-eabi’


Compiling the C compiler identification source file "CMakeCCompilerId.c" failed.
Compiler: /usr/bin/g++ 
Build flags: 
Id flags: -c;-I__does_not_exist__ 

The output was:
1
CMakeCCompilerId.c:2:3: error: #error "A C++ compiler has been selected for C."
    2 | # error "A C++ compiler has been selected for C."
      |   ^~~~~


Compiling the C compiler identification source file "CMakeCCompilerId.c" failed.
Compiler: /usr/bin/g++ 
Build flags: 
Id flags:  

The output was:
1
CMakeCCompilerId.c:2:3: error: #error "A C++ compiler has been selected for C."
    2 | # error "A C++ compiler has been selected for C."
      |   ^~~~~


Compiling the C compiler identification source file "CMakeCCompilerId.c" failed.
Compiler: /usr/bin/g++ 
Build flags: 
Id flags: -c 

The output was:
1
CMakeCCompilerId.c:2:3: error: #error "A C++ compiler has been selected for C."
    2 | # error "A C++ compiler has been selected for C."
      |   ^~~~~


Compiling the C compiler identification source file "CMakeCCompilerId.c" failed.
Compiler: /usr/bin/g++ 
Build flags: 
Id flags: -Aa 

The output was:
1
<command-line>: error: missing '(' after predicate
CMakeCCompilerId.c:2:3: error: #error "A C++ compiler has been selected for C."
    2 | # error "A C++ compiler has been selected for C."
      |   ^~~~~


Compiling the C compiler identification source file "CMakeCCompilerId.c" failed.
Compiler: /usr/bin/g++ 
Build flags: 
Id flags: -D__CLASSIC_C__ 

The output was:
1
CMakeCCompilerId.c:2:3: error: #error "A C++ compiler has been selected for C."
    2 | # error "A C++ compiler has been selected for C."
      |   ^~~~~
CMakeCCompilerId.c:403:29: warning: ISO C++ forbids converting a string constant to ‘char*’ [-Wwrite-strings]
  403 | char const* info_compiler = "INFO" ":" "compiler[" COMPILER_ID "]";
      |                             ^~~~~~~~~~~~~~~~~~~~~~~~~~~~~~~~~~~~~~
CMakeCCompilerId.c:732:29: warning: ISO C++ forbids converting a string constant to ‘char*’ [-Wwrite-strings]
  732 | char const* info_platform = "INFO" ":" "platform[" PLATFORM_ID "]";
      |                             ^~~~~~~~~~~~~~~~~~~~~~~~~~~~~~~~~~~~~~
CMakeCCompilerId.c:733:25: warning: ISO C++ forbids converting a string constant to ‘char*’ [-Wwrite-strings]
  733 | char const* info_arch = "INFO" ":" "arch[" ARCHITECTURE_ID "]";
      |                         ^~~~~~~~~~~~~~~~~~~~~~~~~~~~~~~~~~~~~~
CMakeCCompilerId.c:755:3: warning: ISO C++ forbids converting a string constant to ‘char*’ [-Wwrite-strings]
  755 |   "INFO" ":" "standard_default[" C_VERSION "]";
      |   ^~~~~~~~~~~~~~~~~~~~~~~~~~~~~~~~~~~~~~~~~~~~
CMakeCCompilerId.c:757:48: warning: ISO C++ forbids converting a string constant to ‘char*’ [-Wwrite-strings]
  757 | const char* info_language_extensions_default = "INFO" ":" "extensions_default["
      |                                                ^~~~~~~~~~~~~~~~~~~~~~~~~~~~~~~~
  758 | /* !defined(_MSC_VER) to exclude Clang's MSVC compatibility mode. */
      | ~~~~~~~~~~~~~~~~~~~~~~~~~~~~~~~~~~~~~~~~~~~~~~~~~~~~~~~~~~~~~~~~~~~~
  759 | #if (defined(__clang__) || defined(__GNUC__) ||                               \
      | ~~~~~~~~~~~~~~~~~~~~~~~~~~~~~~~~~~~~~~~~~~~~~~~~~~~~~~~~~~~~~~~~~~~~~~~~~~~~~~~
  760 |      defined(__TI_COMPILER_VERSION__)) &&                                     \
      |      ~~~~~~~~~~~~~~~~~~~~~~~~~~~~~~~~~~~~~~~~~~~~~~~~~~~~~~~~~~~~~~~~~~~~~~~~~~
  761 |   !defined(__STRICT_ANSI__) && !defined(_MSC_VER)
      |   ~~~~~~~~~~~~~~~~~~~~~~~~~~~~~~~~~~~~~~~~~~~~~~~
  762 |   "ON"
      |   ~~~~                                          
  763 | #else
      | ~~~~~                                           
  764 |   "OFF"
      |   ~~~~~                                         
  765 | #endif
      | ~~~~~~                                          
  766 | "]";
      | ~~~                                             
CMakeCCompilerId.c:774:5: error: cannot declare ‘::main’ to be a global variable
  774 | int main(argc, argv) int argc; char *argv[];
      |     ^~~~
CMakeCCompilerId.c:774:10: error: ‘argc’ was not declared in this scope
  774 | int main(argc, argv) int argc; char *argv[];
      |          ^~~~
CMakeCCompilerId.c:774:16: error: ‘argv’ was not declared in this scope
  774 | int main(argc, argv) int argc; char *argv[];
      |                ^~~~
CMakeCCompilerId.c:774:20: error: expression list treated as compound expression in initializer [-fpermissive]
  774 | int main(argc, argv) int argc; char *argv[];
      |                    ^
CMakeCCompilerId.c:774:38: error: storage size of ‘argv’ isn’t known
  774 | int main(argc, argv) int argc; char *argv[];
      |                                      ^~~~
CMakeCCompilerId.c:778:1: error: expected unqualified-id before ‘{’ token
  778 | {
      | ^


Compiling the C compiler identification source file "CMakeCCompilerId.c" failed.
Compiler: /usr/bin/g++ 
Build flags: 
Id flags: --target=arm-arm-none-eabi;-mcpu=cortex-m3 

The output was:
1
g++: warning: ‘-mcpu=’ is deprecated; use ‘-mtune=’ or ‘-march=’ instead
g++: error: unrecognized command-line option ‘--target=arm-arm-none-eabi’


Compiling the C compiler identification source file "CMakeCCompilerId.c" failed.
Compiler: /usr/bin/g++ 
Build flags: 
Id flags: -c;-I__does_not_exist__ 

The output was:
1
CMakeCCompilerId.c:2:3: error: #error "A C++ compiler has been selected for C."
    2 | # error "A C++ compiler has been selected for C."
      |   ^~~~~


Checking whether the C compiler is IAR using "" did not match "IAR .+ Compiler":
g++: fatal error: no input files
compilation terminated.
Checking whether the C compiler is IAR using "" did not match "IAR .+ Compiler":
g++: fatal error: no input files
compilation terminated.
Detecting C compiler ABI info failed to compile with the following output:
Change Dir: /home/gxy/cprimer/chapter1/projecthello/CMakeFiles/CMakeTmp

Run Build Command(s):/usr/bin/gmake -f Makefile cmTC_64151/fast && /usr/bin/gmake  -f CMakeFiles/cmTC_64151.dir/build.make CMakeFiles/cmTC_64151.dir/build
gmake[1]: Entering directory '/home/gxy/cprimer/chapter1/projecthello/CMakeFiles/CMakeTmp'
Building C object CMakeFiles/cmTC_64151.dir/CMakeCCompilerABI.c.o
/usr/bin/g++    -o CMakeFiles/cmTC_64151.dir/CMakeCCompilerABI.c.o -c /usr/share/cmake-3.22/Modules/CMakeCCompilerABI.c
/usr/share/cmake-3.22/Modules/CMakeCCompilerABI.c:2:4: error: #error "A C++ compiler has been selected for C."
    2 | #  error "A C++ compiler has been selected for C."
      |    ^~~~~
gmake[1]: *** [CMakeFiles/cmTC_64151.dir/build.make:78: CMakeFiles/cmTC_64151.dir/CMakeCCompilerABI.c.o] Error 1
gmake[1]: Leaving directory '/home/gxy/cprimer/chapter1/projecthello/CMakeFiles/CMakeTmp'
gmake: *** [Makefile:127: cmTC_64151/fast] Error 2




Determining if the C compiler works failed with the following output:
Change Dir: /home/gxy/cprimer/chapter1/projecthello/CMakeFiles/CMakeTmp

Run Build Command(s):/usr/bin/gmake -f Makefile cmTC_ea4f2/fast && /usr/bin/gmake  -f CMakeFiles/cmTC_ea4f2.dir/build.make CMakeFiles/cmTC_ea4f2.dir/build
gmake[1]: Entering directory '/home/gxy/cprimer/chapter1/projecthello/CMakeFiles/CMakeTmp'
Building C object CMakeFiles/cmTC_ea4f2.dir/testCCompiler.c.o
/usr/bin/g++    -o CMakeFiles/cmTC_ea4f2.dir/testCCompiler.c.o -c /home/gxy/cprimer/chapter1/projecthello/CMakeFiles/CMakeTmp/testCCompiler.c
/home/gxy/cprimer/chapter1/projecthello/CMakeFiles/CMakeTmp/testCCompiler.c:2:3: error: #error "The CMAKE_C_COMPILER is set to a C++ compiler"
    2 | # error "The CMAKE_C_COMPILER is set to a C++ compiler"
      |   ^~~~~
gmake[1]: *** [CMakeFiles/cmTC_ea4f2.dir/build.make:78: CMakeFiles/cmTC_ea4f2.dir/testCCompiler.c.o] Error 1
gmake[1]: Leaving directory '/home/gxy/cprimer/chapter1/projecthello/CMakeFiles/CMakeTmp'
gmake: *** [Makefile:127: cmTC_ea4f2/fast] Error 2



